{"level":"info","message":"Server running on port 3000","service":"Book My Ticket","timestamp":"2025-06-03T13:47:43.858Z"}
{"level":"info","message":"Server running on port 3000","service":"Book My Ticket","timestamp":"2025-06-03T15:47:59.491Z"}
{"level":"info","message":"Server running on port 3000","service":"Book My Ticket","timestamp":"2025-06-03T15:53:14.349Z"}
{"level":"info","message":"Server running on port 3000","service":"Book My Ticket","timestamp":"2025-06-03T15:56:58.907Z"}
{"level":"info","message":"Server running on port 3000","service":"Book My Ticket","timestamp":"2025-06-03T15:57:15.381Z"}
{"level":"info","message":"Server running on port 3000","service":"Book My Ticket","timestamp":"2025-06-03T16:09:18.182Z"}
{"level":"warn","message":"⚠️ DATABASE CONNECTION FAILED","service":"Book My Ticket","timestamp":"2025-06-03T16:09:18.186Z"}
{"level":"error","message":"The `uri` parameter to `openUri()` must be a string, got \"undefined\". Make sure the first parameter to `mongoose.connect()` or `mongoose.createConnection()` is a string.","service":"Book My Ticket","timestamp":"2025-06-03T16:09:18.186Z"}
{"level":"info","message":"Server running on port 3000","service":"Book My Ticket","timestamp":"2025-06-03T16:11:26.874Z"}
{"level":"warn","message":"⚠️ DATABASE CONNECTION FAILED","service":"Book My Ticket","timestamp":"2025-06-03T16:11:26.877Z"}
{"level":"error","message":"The `uri` parameter to `openUri()` must be a string, got \"undefined\". Make sure the first parameter to `mongoose.connect()` or `mongoose.createConnection()` is a string.","service":"Book My Ticket","timestamp":"2025-06-03T16:11:26.878Z"}
{"level":"info","message":"Server running on port 3000","service":"Book My Ticket","timestamp":"2025-06-03T16:15:11.778Z"}
{"level":"warn","message":"⚠️ DATABASE CONNECTION FAILED","service":"Book My Ticket","timestamp":"2025-06-03T16:15:11.785Z"}
{"level":"error","message":"The `uri` parameter to `openUri()` must be a string, got \"undefined\". Make sure the first parameter to `mongoose.connect()` or `mongoose.createConnection()` is a string.","service":"Book My Ticket","timestamp":"2025-06-03T16:15:11.785Z"}
{"level":"info","message":"mongo url","service":"Book My Ticket","timestamp":"2025-06-03T16:16:31.799Z"}
{"level":"info","message":"Server running on port 3000","service":"Book My Ticket","timestamp":"2025-06-03T16:16:31.803Z"}
{"level":"warn","message":"⚠️ DATABASE CONNECTION FAILED","service":"Book My Ticket","timestamp":"2025-06-03T16:16:31.804Z"}
{"level":"error","message":"The `uri` parameter to `openUri()` must be a string, got \"undefined\". Make sure the first parameter to `mongoose.connect()` or `mongoose.createConnection()` is a string.","service":"Book My Ticket","timestamp":"2025-06-03T16:16:31.805Z"}
{"level":"info","message":"mongo url-----------------> ","service":"Book My Ticket","timestamp":"2025-06-03T16:17:10.602Z"}
{"level":"info","message":"Server running on port 3000","service":"Book My Ticket","timestamp":"2025-06-03T16:17:10.606Z"}
{"level":"warn","message":"⚠️ DATABASE CONNECTION FAILED","service":"Book My Ticket","timestamp":"2025-06-03T16:17:10.607Z"}
{"level":"error","message":"The `uri` parameter to `openUri()` must be a string, got \"undefined\". Make sure the first parameter to `mongoose.connect()` or `mongoose.createConnection()` is a string.","service":"Book My Ticket","timestamp":"2025-06-03T16:17:10.607Z"}
{"level":"info","message":"mongo url-----------------> \n","service":"Book My Ticket","timestamp":"2025-06-03T16:17:29.049Z"}
{"level":"info","message":"Server running on port 3000","service":"Book My Ticket","timestamp":"2025-06-03T16:17:29.054Z"}
{"level":"warn","message":"⚠️ DATABASE CONNECTION FAILED","service":"Book My Ticket","timestamp":"2025-06-03T16:17:29.055Z"}
{"level":"error","message":"The `uri` parameter to `openUri()` must be a string, got \"undefined\". Make sure the first parameter to `mongoose.connect()` or `mongoose.createConnection()` is a string.","service":"Book My Ticket","timestamp":"2025-06-03T16:17:29.055Z"}
{"level":"info","message":"mongo url-----------------> \n","service":"Book My Ticket","timestamp":"2025-06-03T16:18:04.129Z"}
{"level":"info","message":"Server running on port 3000","service":"Book My Ticket","timestamp":"2025-06-03T16:18:04.133Z"}
{"level":"warn","message":"⚠️ DATABASE CONNECTION FAILED","service":"Book My Ticket","timestamp":"2025-06-03T16:18:04.135Z"}
{"level":"error","message":"The `uri` parameter to `openUri()` must be a string, got \"undefined\". Make sure the first parameter to `mongoose.connect()` or `mongoose.createConnection()` is a string.","service":"Book My Ticket","timestamp":"2025-06-03T16:18:04.135Z"}
{"level":"info","message":"mongo url-----------------> \n","nodeEnv":"development","port":3000,"service":"Book My Ticket","timestamp":"2025-06-03T16:20:23.664Z"}
{"level":"info","message":"Server running on port 3000","service":"Book My Ticket","timestamp":"2025-06-03T16:20:23.669Z"}
{"level":"warn","message":"⚠️ DATABASE CONNECTION FAILED","service":"Book My Ticket","timestamp":"2025-06-03T16:20:23.670Z"}
{"level":"error","message":"The `uri` parameter to `openUri()` must be a string, got \"undefined\". Make sure the first parameter to `mongoose.connect()` or `mongoose.createConnection()` is a string.","service":"Book My Ticket","timestamp":"2025-06-03T16:20:23.670Z"}
{"level":"info","message":"mongo url-----------------> \n","nodeEnv":"development","port":3000,"service":"Book My Ticket","timestamp":"2025-06-03T16:20:35.406Z"}
{"level":"info","message":"Server running on port 3000","service":"Book My Ticket","timestamp":"2025-06-03T16:20:35.410Z"}
{"level":"warn","message":"⚠️ DATABASE CONNECTION FAILED","service":"Book My Ticket","timestamp":"2025-06-03T16:20:35.411Z"}
{"level":"error","message":"The `uri` parameter to `openUri()` must be a string, got \"undefined\". Make sure the first parameter to `mongoose.connect()` or `mongoose.createConnection()` is a string.","service":"Book My Ticket","timestamp":"2025-06-03T16:20:35.412Z"}
{"0":"m","1":"o","10":"v","11":":","12":"/","13":"/","14":"k","15":"u","16":"m","17":"a","18":"r","19":"g","2":"n","20":"o","21":"p","22":"a","23":"l","24":"7","25":"8","26":"2","27":"0","28":"0","29":"1","3":"g","30":":","31":"A","32":"F","33":"y","34":"O","35":"r","36":"E","37":"3","38":"8","39":"a","4":"o","40":"Z","41":"T","42":"k","43":"Y","44":"x","45":"A","46":"d","47":"@","48":"c","49":"l","5":"d","50":"u","51":"s","52":"t","53":"e","54":"r","55":"0","56":".","57":"a","58":"h","59":"j","6":"b","60":"t","61":"q","62":"i","63":"w","64":".","65":"m","66":"o","67":"n","68":"g","69":"o","7":"+","70":"d","71":"b","72":".","73":"n","74":"e","75":"t","76":"/","77":"B","78":"o","79":"o","8":"s","80":"k","81":"i","82":"n","83":"g","84":"d","85":"o","86":"t","87":"C","88":"o","89":"m","9":"r","level":"info","message":"MONGO URL --->","service":"Book My Ticket","timestamp":"2025-06-03T16:30:22.943Z"}
{"level":"info","message":"Server running on port 3000","service":"Book My Ticket","timestamp":"2025-06-03T16:30:22.947Z"}
{"level":"info","message":"✅ DATABASE CONNECTED → ac-4ihk6bl-shard-00-02.ahjtqiw.mongodb.net","service":"Book My Ticket","timestamp":"2025-06-03T16:30:24.499Z"}
{"level":"info","message":"Server running on port 3000","service":"Book My Ticket","timestamp":"2025-06-03T16:31:01.913Z"}
{"level":"info","message":"✅ DATABASE CONNECTED → ac-4ihk6bl-shard-00-02.ahjtqiw.mongodb.net","service":"Book My Ticket","timestamp":"2025-06-03T16:31:03.066Z"}
{"level":"info","message":"Server running on port 3000","service":"Book My Ticket","timestamp":"2025-06-03T16:31:53.483Z"}
{"level":"info","message":"✅ DATABASE CONNECTED → ac-4ihk6bl-shard-00-00.ahjtqiw.mongodb.net , port 27017 and database BookingdotCom","service":"Book My Ticket","timestamp":"2025-06-03T16:31:54.847Z"}
{"level":"info","message":"Server running on port 3000","service":"Book My Ticket","timestamp":"2025-06-03T16:32:20.994Z"}
{"level":"info","message":"Server running on port 3000","service":"Book My Ticket","timestamp":"2025-06-03T16:32:38.121Z"}
{"level":"info","message":"✅ DATABASE CONNECTED → ac-4ihk6bl-shard-00-00.ahjtqiw.mongodb.net , port 27017 and database BookingdotCom \n","service":"Book My Ticket","timestamp":"2025-06-03T16:32:48.227Z"}
{"level":"info","message":"Server running on port 3000","service":"Book My Ticket","timestamp":"2025-06-03T16:33:10.949Z"}
{"level":"info","message":"Server running on port 3000","service":"Book My Ticket","timestamp":"2025-06-03T16:33:34.215Z"}
{"level":"info","message":"✅ DATABASE CONNECTED → Host - ac-4ihk6bl-shard-00-00.ahjtqiw.mongodb.net , port :-  27017 and database :-  BookingdotCom \n","service":"Book My Ticket","timestamp":"2025-06-03T16:33:40.393Z"}
{"level":"info","message":"Server running on port 3000","service":"Book My Ticket","timestamp":"2025-06-03T16:37:57.960Z"}
{"level":"info","message":"✅ DATABASE CONNECTED → Host - ac-4ihk6bl-shard-00-01.ahjtqiw.mongodb.net , port :-  27017 and database :-  BookingdotCom \n","service":"Book My Ticket","timestamp":"2025-06-03T16:37:59.601Z"}
{"level":"info","message":"Server running on port 3000","service":"Book My Ticket","timestamp":"2025-06-03T16:38:28.574Z"}
{"level":"info","message":"✅ DATABASE CONNECTED → Host - ac-4ihk6bl-shard-00-02.ahjtqiw.mongodb.net , port :-  27017 and database :-  BookingdotCom \n","service":"Book My Ticket","timestamp":"2025-06-03T16:38:29.761Z"}
{"level":"info","message":"Server running on port 3000","service":"Book My Ticket","timestamp":"2025-06-03T18:38:33.557Z"}
{"level":"info","message":"✅ DATABASE CONNECTED → Host - ac-4ihk6bl-shard-00-01.ahjtqiw.mongodb.net , port :-  27017 and database :-  BookingdotCom \n","service":"Book My Ticket","timestamp":"2025-06-03T18:38:34.557Z"}
